The system is: Linux - 3.10.0-862.11.6.el7.x86_64 - x86_64
Compiling the C compiler identification source file "CMakeCCompilerId.c" succeeded.
Compiler: /opt/rh/devtoolset-6/root/usr/bin/cc 
Build flags: 
Id flags:  

The output was:
0


Compilation of the C compiler identification source "CMakeCCompilerId.c" produced "a.out"

The C compiler identification is GNU, found in "/home/alexiel/local/src/PSE/build/CMakeFiles/3.13.2/CompilerIdC/a.out"

Compiling the CXX compiler identification source file "CMakeCXXCompilerId.cpp" succeeded.
Compiler: /opt/rh/devtoolset-6/root/usr/bin/c++ 
Build flags: 
Id flags:  

The output was:
0


Compilation of the CXX compiler identification source "CMakeCXXCompilerId.cpp" produced "a.out"

The CXX compiler identification is GNU, found in "/home/alexiel/local/src/PSE/build/CMakeFiles/3.13.2/CompilerIdCXX/a.out"

Determining if the C compiler works passed with the following output:
Change Dir: /home/alexiel/local/src/PSE/build/CMakeFiles/CMakeTmp

Run Build Command:"/usr/bin/gmake" "cmTC_6e5db/fast"
/usr/bin/gmake -f CMakeFiles/cmTC_6e5db.dir/build.make CMakeFiles/cmTC_6e5db.dir/build
gmake[1]: Entering directory `/home/alexiel/local/src/PSE/build/CMakeFiles/CMakeTmp'
Building C object CMakeFiles/cmTC_6e5db.dir/testCCompiler.c.o
/opt/rh/devtoolset-6/root/usr/bin/cc    -o CMakeFiles/cmTC_6e5db.dir/testCCompiler.c.o   -c /home/alexiel/local/src/PSE/build/CMakeFiles/CMakeTmp/testCCompiler.c
Linking C executable cmTC_6e5db
/usr/local/bin/cmake -E cmake_link_script CMakeFiles/cmTC_6e5db.dir/link.txt --verbose=1
/opt/rh/devtoolset-6/root/usr/bin/cc      -rdynamic CMakeFiles/cmTC_6e5db.dir/testCCompiler.c.o  -o cmTC_6e5db 
gmake[1]: Leaving directory `/home/alexiel/local/src/PSE/build/CMakeFiles/CMakeTmp'


Detecting C compiler ABI info compiled with the following output:
Change Dir: /home/alexiel/local/src/PSE/build/CMakeFiles/CMakeTmp

Run Build Command:"/usr/bin/gmake" "cmTC_d8158/fast"
/usr/bin/gmake -f CMakeFiles/cmTC_d8158.dir/build.make CMakeFiles/cmTC_d8158.dir/build
gmake[1]: Entering directory `/home/alexiel/local/src/PSE/build/CMakeFiles/CMakeTmp'
Building C object CMakeFiles/cmTC_d8158.dir/CMakeCCompilerABI.c.o
/opt/rh/devtoolset-6/root/usr/bin/cc    -o CMakeFiles/cmTC_d8158.dir/CMakeCCompilerABI.c.o   -c /usr/local/share/cmake-3.13/Modules/CMakeCCompilerABI.c
Linking C executable cmTC_d8158
/usr/local/bin/cmake -E cmake_link_script CMakeFiles/cmTC_d8158.dir/link.txt --verbose=1
/opt/rh/devtoolset-6/root/usr/bin/cc     -v -rdynamic CMakeFiles/cmTC_d8158.dir/CMakeCCompilerABI.c.o  -o cmTC_d8158 
Using built-in specs.
COLLECT_GCC=/opt/rh/devtoolset-6/root/usr/bin/cc
COLLECT_LTO_WRAPPER=/opt/rh/devtoolset-6/root/usr/libexec/gcc/x86_64-redhat-linux/6.3.1/lto-wrapper
Target: x86_64-redhat-linux
Configured with: ../configure --enable-bootstrap --enable-languages=c,c++,fortran,lto --prefix=/opt/rh/devtoolset-6/root/usr --mandir=/opt/rh/devtoolset-6/root/usr/share/man --infodir=/opt/rh/devtoolset-6/root/usr/share/info --with-bugurl=http://bugzilla.redhat.com/bugzilla --enable-shared --enable-threads=posix --enable-checking=release --enable-multilib --with-system-zlib --enable-__cxa_atexit --disable-libunwind-exceptions --enable-gnu-unique-object --enable-linker-build-id --enable-plugin --with-linker-hash-style=gnu --enable-initfini-array --disable-libgcj --with-default-libstdcxx-abi=gcc4-compatible --with-isl=/builddir/build/BUILD/gcc-6.3.1-20170216/obj-x86_64-redhat-linux/isl-install --enable-libmpx --enable-gnu-indirect-function --with-tune=generic --with-arch_32=i686 --build=x86_64-redhat-linux
Thread model: posix
gcc version 6.3.1 20170216 (Red Hat 6.3.1-3) (GCC) 
COMPILER_PATH=/opt/rh/devtoolset-6/root/usr/libexec/gcc/x86_64-redhat-linux/6.3.1/:/opt/rh/devtoolset-6/root/usr/libexec/gcc/x86_64-redhat-linux/6.3.1/:/opt/rh/devtoolset-6/root/usr/libexec/gcc/x86_64-redhat-linux/:/opt/rh/devtoolset-6/root/usr/lib/gcc/x86_64-redhat-linux/6.3.1/:/opt/rh/devtoolset-6/root/usr/lib/gcc/x86_64-redhat-linux/
LIBRARY_PATH=/opt/rh/devtoolset-6/root/usr/lib/gcc/x86_64-redhat-linux/6.3.1/:/opt/rh/devtoolset-6/root/usr/lib/gcc/x86_64-redhat-linux/6.3.1/../../../../lib64/:/lib/../lib64/:/usr/lib/../lib64/:/opt/rh/devtoolset-6/root/usr/lib/gcc/x86_64-redhat-linux/6.3.1/../../../:/lib/:/usr/lib/
COLLECT_GCC_OPTIONS='-v' '-rdynamic' '-o' 'cmTC_d8158' '-mtune=generic' '-march=x86-64'
 /opt/rh/devtoolset-6/root/usr/libexec/gcc/x86_64-redhat-linux/6.3.1/collect2 -plugin /opt/rh/devtoolset-6/root/usr/libexec/gcc/x86_64-redhat-linux/6.3.1/liblto_plugin.so -plugin-opt=/opt/rh/devtoolset-6/root/usr/libexec/gcc/x86_64-redhat-linux/6.3.1/lto-wrapper -plugin-opt=-fresolution=/tmp/ccjgf4pr.res -plugin-opt=-pass-through=-lgcc -plugin-opt=-pass-through=-lgcc_s -plugin-opt=-pass-through=-lc -plugin-opt=-pass-through=-lgcc -plugin-opt=-pass-through=-lgcc_s --build-id --no-add-needed --eh-frame-hdr --hash-style=gnu -m elf_x86_64 -export-dynamic -dynamic-linker /lib64/ld-linux-x86-64.so.2 -o cmTC_d8158 /lib/../lib64/crt1.o /lib/../lib64/crti.o /opt/rh/devtoolset-6/root/usr/lib/gcc/x86_64-redhat-linux/6.3.1/crtbegin.o -L/opt/rh/devtoolset-6/root/usr/lib/gcc/x86_64-redhat-linux/6.3.1 -L/opt/rh/devtoolset-6/root/usr/lib/gcc/x86_64-redhat-linux/6.3.1/../../../../lib64 -L/lib/../lib64 -L/usr/lib/../lib64 -L/opt/rh/devtoolset-6/root/usr/lib/gcc/x86_64-redhat-linux/6.3.1/../../.. CMakeFiles/cmTC_d8158.dir/CMakeCCompilerABI.c.o -lgcc --as-needed -lgcc_s --no-as-needed -lc -lgcc --as-needed -lgcc_s --no-as-needed /opt/rh/devtoolset-6/root/usr/lib/gcc/x86_64-redhat-linux/6.3.1/crtend.o /lib/../lib64/crtn.o
COLLECT_GCC_OPTIONS='-v' '-rdynamic' '-o' 'cmTC_d8158' '-mtune=generic' '-march=x86-64'
gmake[1]: Leaving directory `/home/alexiel/local/src/PSE/build/CMakeFiles/CMakeTmp'


Parsed C implicit link information from above output:
  link line regex: [^( *|.*[/\])(ld|CMAKE_LINK_STARTFILE-NOTFOUND|([^/\]+-)?ld|collect2)[^/\]*( |$)]
  ignore line: [Change Dir: /home/alexiel/local/src/PSE/build/CMakeFiles/CMakeTmp]
  ignore line: []
  ignore line: [Run Build Command:"/usr/bin/gmake" "cmTC_d8158/fast"]
  ignore line: [/usr/bin/gmake -f CMakeFiles/cmTC_d8158.dir/build.make CMakeFiles/cmTC_d8158.dir/build]
  ignore line: [gmake[1]: Entering directory `/home/alexiel/local/src/PSE/build/CMakeFiles/CMakeTmp']
  ignore line: [Building C object CMakeFiles/cmTC_d8158.dir/CMakeCCompilerABI.c.o]
  ignore line: [/opt/rh/devtoolset-6/root/usr/bin/cc    -o CMakeFiles/cmTC_d8158.dir/CMakeCCompilerABI.c.o   -c /usr/local/share/cmake-3.13/Modules/CMakeCCompilerABI.c]
  ignore line: [Linking C executable cmTC_d8158]
  ignore line: [/usr/local/bin/cmake -E cmake_link_script CMakeFiles/cmTC_d8158.dir/link.txt --verbose=1]
  ignore line: [/opt/rh/devtoolset-6/root/usr/bin/cc     -v -rdynamic CMakeFiles/cmTC_d8158.dir/CMakeCCompilerABI.c.o  -o cmTC_d8158 ]
  ignore line: [Using built-in specs.]
  ignore line: [COLLECT_GCC=/opt/rh/devtoolset-6/root/usr/bin/cc]
  ignore line: [COLLECT_LTO_WRAPPER=/opt/rh/devtoolset-6/root/usr/libexec/gcc/x86_64-redhat-linux/6.3.1/lto-wrapper]
  ignore line: [Target: x86_64-redhat-linux]
  ignore line: [Configured with: ../configure --enable-bootstrap --enable-languages=c,c++,fortran,lto --prefix=/opt/rh/devtoolset-6/root/usr --mandir=/opt/rh/devtoolset-6/root/usr/share/man --infodir=/opt/rh/devtoolset-6/root/usr/share/info --with-bugurl=http://bugzilla.redhat.com/bugzilla --enable-shared --enable-threads=posix --enable-checking=release --enable-multilib --with-system-zlib --enable-__cxa_atexit --disable-libunwind-exceptions --enable-gnu-unique-object --enable-linker-build-id --enable-plugin --with-linker-hash-style=gnu --enable-initfini-array --disable-libgcj --with-default-libstdcxx-abi=gcc4-compatible --with-isl=/builddir/build/BUILD/gcc-6.3.1-20170216/obj-x86_64-redhat-linux/isl-install --enable-libmpx --enable-gnu-indirect-function --with-tune=generic --with-arch_32=i686 --build=x86_64-redhat-linux]
  ignore line: [Thread model: posix]
  ignore line: [gcc version 6.3.1 20170216 (Red Hat 6.3.1-3) (GCC) ]
  ignore line: [COMPILER_PATH=/opt/rh/devtoolset-6/root/usr/libexec/gcc/x86_64-redhat-linux/6.3.1/:/opt/rh/devtoolset-6/root/usr/libexec/gcc/x86_64-redhat-linux/6.3.1/:/opt/rh/devtoolset-6/root/usr/libexec/gcc/x86_64-redhat-linux/:/opt/rh/devtoolset-6/root/usr/lib/gcc/x86_64-redhat-linux/6.3.1/:/opt/rh/devtoolset-6/root/usr/lib/gcc/x86_64-redhat-linux/]
  ignore line: [LIBRARY_PATH=/opt/rh/devtoolset-6/root/usr/lib/gcc/x86_64-redhat-linux/6.3.1/:/opt/rh/devtoolset-6/root/usr/lib/gcc/x86_64-redhat-linux/6.3.1/../../../../lib64/:/lib/../lib64/:/usr/lib/../lib64/:/opt/rh/devtoolset-6/root/usr/lib/gcc/x86_64-redhat-linux/6.3.1/../../../:/lib/:/usr/lib/]
  ignore line: [COLLECT_GCC_OPTIONS='-v' '-rdynamic' '-o' 'cmTC_d8158' '-mtune=generic' '-march=x86-64']
  link line: [ /opt/rh/devtoolset-6/root/usr/libexec/gcc/x86_64-redhat-linux/6.3.1/collect2 -plugin /opt/rh/devtoolset-6/root/usr/libexec/gcc/x86_64-redhat-linux/6.3.1/liblto_plugin.so -plugin-opt=/opt/rh/devtoolset-6/root/usr/libexec/gcc/x86_64-redhat-linux/6.3.1/lto-wrapper -plugin-opt=-fresolution=/tmp/ccjgf4pr.res -plugin-opt=-pass-through=-lgcc -plugin-opt=-pass-through=-lgcc_s -plugin-opt=-pass-through=-lc -plugin-opt=-pass-through=-lgcc -plugin-opt=-pass-through=-lgcc_s --build-id --no-add-needed --eh-frame-hdr --hash-style=gnu -m elf_x86_64 -export-dynamic -dynamic-linker /lib64/ld-linux-x86-64.so.2 -o cmTC_d8158 /lib/../lib64/crt1.o /lib/../lib64/crti.o /opt/rh/devtoolset-6/root/usr/lib/gcc/x86_64-redhat-linux/6.3.1/crtbegin.o -L/opt/rh/devtoolset-6/root/usr/lib/gcc/x86_64-redhat-linux/6.3.1 -L/opt/rh/devtoolset-6/root/usr/lib/gcc/x86_64-redhat-linux/6.3.1/../../../../lib64 -L/lib/../lib64 -L/usr/lib/../lib64 -L/opt/rh/devtoolset-6/root/usr/lib/gcc/x86_64-redhat-linux/6.3.1/../../.. CMakeFiles/cmTC_d8158.dir/CMakeCCompilerABI.c.o -lgcc --as-needed -lgcc_s --no-as-needed -lc -lgcc --as-needed -lgcc_s --no-as-needed /opt/rh/devtoolset-6/root/usr/lib/gcc/x86_64-redhat-linux/6.3.1/crtend.o /lib/../lib64/crtn.o]
    arg [/opt/rh/devtoolset-6/root/usr/libexec/gcc/x86_64-redhat-linux/6.3.1/collect2] ==> ignore
    arg [-plugin] ==> ignore
    arg [/opt/rh/devtoolset-6/root/usr/libexec/gcc/x86_64-redhat-linux/6.3.1/liblto_plugin.so] ==> ignore
    arg [-plugin-opt=/opt/rh/devtoolset-6/root/usr/libexec/gcc/x86_64-redhat-linux/6.3.1/lto-wrapper] ==> ignore
    arg [-plugin-opt=-fresolution=/tmp/ccjgf4pr.res] ==> ignore
    arg [-plugin-opt=-pass-through=-lgcc] ==> ignore
    arg [-plugin-opt=-pass-through=-lgcc_s] ==> ignore
    arg [-plugin-opt=-pass-through=-lc] ==> ignore
    arg [-plugin-opt=-pass-through=-lgcc] ==> ignore
    arg [-plugin-opt=-pass-through=-lgcc_s] ==> ignore
    arg [--build-id] ==> ignore
    arg [--no-add-needed] ==> ignore
    arg [--eh-frame-hdr] ==> ignore
    arg [--hash-style=gnu] ==> ignore
    arg [-m] ==> ignore
    arg [elf_x86_64] ==> ignore
    arg [-export-dynamic] ==> ignore
    arg [-dynamic-linker] ==> ignore
    arg [/lib64/ld-linux-x86-64.so.2] ==> ignore
    arg [-o] ==> ignore
    arg [cmTC_d8158] ==> ignore
    arg [/lib/../lib64/crt1.o] ==> ignore
    arg [/lib/../lib64/crti.o] ==> ignore
    arg [/opt/rh/devtoolset-6/root/usr/lib/gcc/x86_64-redhat-linux/6.3.1/crtbegin.o] ==> ignore
    arg [-L/opt/rh/devtoolset-6/root/usr/lib/gcc/x86_64-redhat-linux/6.3.1] ==> dir [/opt/rh/devtoolset-6/root/usr/lib/gcc/x86_64-redhat-linux/6.3.1]
    arg [-L/opt/rh/devtoolset-6/root/usr/lib/gcc/x86_64-redhat-linux/6.3.1/../../../../lib64] ==> dir [/opt/rh/devtoolset-6/root/usr/lib/gcc/x86_64-redhat-linux/6.3.1/../../../../lib64]
    arg [-L/lib/../lib64] ==> dir [/lib/../lib64]
    arg [-L/usr/lib/../lib64] ==> dir [/usr/lib/../lib64]
    arg [-L/opt/rh/devtoolset-6/root/usr/lib/gcc/x86_64-redhat-linux/6.3.1/../../..] ==> dir [/opt/rh/devtoolset-6/root/usr/lib/gcc/x86_64-redhat-linux/6.3.1/../../..]
    arg [CMakeFiles/cmTC_d8158.dir/CMakeCCompilerABI.c.o] ==> ignore
    arg [-lgcc] ==> lib [gcc]
    arg [--as-needed] ==> ignore
    arg [-lgcc_s] ==> lib [gcc_s]
    arg [--no-as-needed] ==> ignore
    arg [-lc] ==> lib [c]
    arg [-lgcc] ==> lib [gcc]
    arg [--as-needed] ==> ignore
    arg [-lgcc_s] ==> lib [gcc_s]
    arg [--no-as-needed] ==> ignore
    arg [/opt/rh/devtoolset-6/root/usr/lib/gcc/x86_64-redhat-linux/6.3.1/crtend.o] ==> ignore
    arg [/lib/../lib64/crtn.o] ==> ignore
  collapse library dir [/opt/rh/devtoolset-6/root/usr/lib/gcc/x86_64-redhat-linux/6.3.1] ==> [/opt/rh/devtoolset-6/root/usr/lib/gcc/x86_64-redhat-linux/6.3.1]
  collapse library dir [/opt/rh/devtoolset-6/root/usr/lib/gcc/x86_64-redhat-linux/6.3.1/../../../../lib64] ==> [/opt/rh/devtoolset-6/root/usr/lib64]
  collapse library dir [/lib/../lib64] ==> [/lib64]
  collapse library dir [/usr/lib/../lib64] ==> [/usr/lib64]
  collapse library dir [/opt/rh/devtoolset-6/root/usr/lib/gcc/x86_64-redhat-linux/6.3.1/../../..] ==> [/opt/rh/devtoolset-6/root/usr/lib]
  implicit libs: [gcc;gcc_s;c;gcc;gcc_s]
  implicit dirs: [/opt/rh/devtoolset-6/root/usr/lib/gcc/x86_64-redhat-linux/6.3.1;/opt/rh/devtoolset-6/root/usr/lib64;/lib64;/usr/lib64;/opt/rh/devtoolset-6/root/usr/lib]
  implicit fwks: []




Detecting C [-std=c11] compiler features compiled with the following output:
Change Dir: /home/alexiel/local/src/PSE/build/CMakeFiles/CMakeTmp

Run Build Command:"/usr/bin/gmake" "cmTC_8307b/fast"
/usr/bin/gmake -f CMakeFiles/cmTC_8307b.dir/build.make CMakeFiles/cmTC_8307b.dir/build
gmake[1]: Entering directory `/home/alexiel/local/src/PSE/build/CMakeFiles/CMakeTmp'
Building C object CMakeFiles/cmTC_8307b.dir/feature_tests.c.o
/opt/rh/devtoolset-6/root/usr/bin/cc   -std=c11 -o CMakeFiles/cmTC_8307b.dir/feature_tests.c.o   -c /home/alexiel/local/src/PSE/build/CMakeFiles/feature_tests.c
Linking C executable cmTC_8307b
/usr/local/bin/cmake -E cmake_link_script CMakeFiles/cmTC_8307b.dir/link.txt --verbose=1
/opt/rh/devtoolset-6/root/usr/bin/cc      -rdynamic CMakeFiles/cmTC_8307b.dir/feature_tests.c.o  -o cmTC_8307b 
gmake[1]: Leaving directory `/home/alexiel/local/src/PSE/build/CMakeFiles/CMakeTmp'


    Feature record: C_FEATURE:1c_function_prototypes
    Feature record: C_FEATURE:1c_restrict
    Feature record: C_FEATURE:1c_static_assert
    Feature record: C_FEATURE:1c_variadic_macros


Detecting C [-std=c99] compiler features compiled with the following output:
Change Dir: /home/alexiel/local/src/PSE/build/CMakeFiles/CMakeTmp

Run Build Command:"/usr/bin/gmake" "cmTC_98b0a/fast"
/usr/bin/gmake -f CMakeFiles/cmTC_98b0a.dir/build.make CMakeFiles/cmTC_98b0a.dir/build
gmake[1]: Entering directory `/home/alexiel/local/src/PSE/build/CMakeFiles/CMakeTmp'
Building C object CMakeFiles/cmTC_98b0a.dir/feature_tests.c.o
/opt/rh/devtoolset-6/root/usr/bin/cc   -std=c99 -o CMakeFiles/cmTC_98b0a.dir/feature_tests.c.o   -c /home/alexiel/local/src/PSE/build/CMakeFiles/feature_tests.c
Linking C executable cmTC_98b0a
/usr/local/bin/cmake -E cmake_link_script CMakeFiles/cmTC_98b0a.dir/link.txt --verbose=1
/opt/rh/devtoolset-6/root/usr/bin/cc      -rdynamic CMakeFiles/cmTC_98b0a.dir/feature_tests.c.o  -o cmTC_98b0a 
gmake[1]: Leaving directory `/home/alexiel/local/src/PSE/build/CMakeFiles/CMakeTmp'


    Feature record: C_FEATURE:1c_function_prototypes
    Feature record: C_FEATURE:1c_restrict
    Feature record: C_FEATURE:0c_static_assert
    Feature record: C_FEATURE:1c_variadic_macros


Detecting C [-std=c90] compiler features compiled with the following output:
Change Dir: /home/alexiel/local/src/PSE/build/CMakeFiles/CMakeTmp

Run Build Command:"/usr/bin/gmake" "cmTC_5ef22/fast"
/usr/bin/gmake -f CMakeFiles/cmTC_5ef22.dir/build.make CMakeFiles/cmTC_5ef22.dir/build
gmake[1]: Entering directory `/home/alexiel/local/src/PSE/build/CMakeFiles/CMakeTmp'
Building C object CMakeFiles/cmTC_5ef22.dir/feature_tests.c.o
/opt/rh/devtoolset-6/root/usr/bin/cc   -std=c90 -o CMakeFiles/cmTC_5ef22.dir/feature_tests.c.o   -c /home/alexiel/local/src/PSE/build/CMakeFiles/feature_tests.c
Linking C executable cmTC_5ef22
/usr/local/bin/cmake -E cmake_link_script CMakeFiles/cmTC_5ef22.dir/link.txt --verbose=1
/opt/rh/devtoolset-6/root/usr/bin/cc      -rdynamic CMakeFiles/cmTC_5ef22.dir/feature_tests.c.o  -o cmTC_5ef22 
gmake[1]: Leaving directory `/home/alexiel/local/src/PSE/build/CMakeFiles/CMakeTmp'


    Feature record: C_FEATURE:1c_function_prototypes
    Feature record: C_FEATURE:0c_restrict
    Feature record: C_FEATURE:0c_static_assert
    Feature record: C_FEATURE:0c_variadic_macros
Determining if the CXX compiler works passed with the following output:
Change Dir: /home/alexiel/local/src/PSE/build/CMakeFiles/CMakeTmp

Run Build Command:"/usr/bin/gmake" "cmTC_88f49/fast"
/usr/bin/gmake -f CMakeFiles/cmTC_88f49.dir/build.make CMakeFiles/cmTC_88f49.dir/build
gmake[1]: Entering directory `/home/alexiel/local/src/PSE/build/CMakeFiles/CMakeTmp'
Building CXX object CMakeFiles/cmTC_88f49.dir/testCXXCompiler.cxx.o
/opt/rh/devtoolset-6/root/usr/bin/c++     -o CMakeFiles/cmTC_88f49.dir/testCXXCompiler.cxx.o -c /home/alexiel/local/src/PSE/build/CMakeFiles/CMakeTmp/testCXXCompiler.cxx
Linking CXX executable cmTC_88f49
/usr/local/bin/cmake -E cmake_link_script CMakeFiles/cmTC_88f49.dir/link.txt --verbose=1
/opt/rh/devtoolset-6/root/usr/bin/c++       -rdynamic CMakeFiles/cmTC_88f49.dir/testCXXCompiler.cxx.o  -o cmTC_88f49 
gmake[1]: Leaving directory `/home/alexiel/local/src/PSE/build/CMakeFiles/CMakeTmp'


Detecting CXX compiler ABI info compiled with the following output:
Change Dir: /home/alexiel/local/src/PSE/build/CMakeFiles/CMakeTmp

Run Build Command:"/usr/bin/gmake" "cmTC_818ee/fast"
/usr/bin/gmake -f CMakeFiles/cmTC_818ee.dir/build.make CMakeFiles/cmTC_818ee.dir/build
gmake[1]: Entering directory `/home/alexiel/local/src/PSE/build/CMakeFiles/CMakeTmp'
Building CXX object CMakeFiles/cmTC_818ee.dir/CMakeCXXCompilerABI.cpp.o
/opt/rh/devtoolset-6/root/usr/bin/c++     -o CMakeFiles/cmTC_818ee.dir/CMakeCXXCompilerABI.cpp.o -c /usr/local/share/cmake-3.13/Modules/CMakeCXXCompilerABI.cpp
Linking CXX executable cmTC_818ee
/usr/local/bin/cmake -E cmake_link_script CMakeFiles/cmTC_818ee.dir/link.txt --verbose=1
/opt/rh/devtoolset-6/root/usr/bin/c++      -v -rdynamic CMakeFiles/cmTC_818ee.dir/CMakeCXXCompilerABI.cpp.o  -o cmTC_818ee 
Using built-in specs.
COLLECT_GCC=/opt/rh/devtoolset-6/root/usr/bin/c++
COLLECT_LTO_WRAPPER=/opt/rh/devtoolset-6/root/usr/libexec/gcc/x86_64-redhat-linux/6.3.1/lto-wrapper
Target: x86_64-redhat-linux
Configured with: ../configure --enable-bootstrap --enable-languages=c,c++,fortran,lto --prefix=/opt/rh/devtoolset-6/root/usr --mandir=/opt/rh/devtoolset-6/root/usr/share/man --infodir=/opt/rh/devtoolset-6/root/usr/share/info --with-bugurl=http://bugzilla.redhat.com/bugzilla --enable-shared --enable-threads=posix --enable-checking=release --enable-multilib --with-system-zlib --enable-__cxa_atexit --disable-libunwind-exceptions --enable-gnu-unique-object --enable-linker-build-id --enable-plugin --with-linker-hash-style=gnu --enable-initfini-array --disable-libgcj --with-default-libstdcxx-abi=gcc4-compatible --with-isl=/builddir/build/BUILD/gcc-6.3.1-20170216/obj-x86_64-redhat-linux/isl-install --enable-libmpx --enable-gnu-indirect-function --with-tune=generic --with-arch_32=i686 --build=x86_64-redhat-linux
Thread model: posix
gcc version 6.3.1 20170216 (Red Hat 6.3.1-3) (GCC) 
COMPILER_PATH=/opt/rh/devtoolset-6/root/usr/libexec/gcc/x86_64-redhat-linux/6.3.1/:/opt/rh/devtoolset-6/root/usr/libexec/gcc/x86_64-redhat-linux/6.3.1/:/opt/rh/devtoolset-6/root/usr/libexec/gcc/x86_64-redhat-linux/:/opt/rh/devtoolset-6/root/usr/lib/gcc/x86_64-redhat-linux/6.3.1/:/opt/rh/devtoolset-6/root/usr/lib/gcc/x86_64-redhat-linux/
LIBRARY_PATH=/opt/rh/devtoolset-6/root/usr/lib/gcc/x86_64-redhat-linux/6.3.1/:/opt/rh/devtoolset-6/root/usr/lib/gcc/x86_64-redhat-linux/6.3.1/../../../../lib64/:/lib/../lib64/:/usr/lib/../lib64/:/opt/rh/devtoolset-6/root/usr/lib/gcc/x86_64-redhat-linux/6.3.1/../../../:/lib/:/usr/lib/
COLLECT_GCC_OPTIONS='-v' '-rdynamic' '-o' 'cmTC_818ee' '-shared-libgcc' '-mtune=generic' '-march=x86-64'
 /opt/rh/devtoolset-6/root/usr/libexec/gcc/x86_64-redhat-linux/6.3.1/collect2 -plugin /opt/rh/devtoolset-6/root/usr/libexec/gcc/x86_64-redhat-linux/6.3.1/liblto_plugin.so -plugin-opt=/opt/rh/devtoolset-6/root/usr/libexec/gcc/x86_64-redhat-linux/6.3.1/lto-wrapper -plugin-opt=-fresolution=/tmp/ccAueZzX.res -plugin-opt=-pass-through=-lgcc_s -plugin-opt=-pass-through=-lgcc -plugin-opt=-pass-through=-lc -plugin-opt=-pass-through=-lgcc_s -plugin-opt=-pass-through=-lgcc --build-id --no-add-needed --eh-frame-hdr --hash-style=gnu -m elf_x86_64 -export-dynamic -dynamic-linker /lib64/ld-linux-x86-64.so.2 -o cmTC_818ee /lib/../lib64/crt1.o /lib/../lib64/crti.o /opt/rh/devtoolset-6/root/usr/lib/gcc/x86_64-redhat-linux/6.3.1/crtbegin.o -L/opt/rh/devtoolset-6/root/usr/lib/gcc/x86_64-redhat-linux/6.3.1 -L/opt/rh/devtoolset-6/root/usr/lib/gcc/x86_64-redhat-linux/6.3.1/../../../../lib64 -L/lib/../lib64 -L/usr/lib/../lib64 -L/opt/rh/devtoolset-6/root/usr/lib/gcc/x86_64-redhat-linux/6.3.1/../../.. CMakeFiles/cmTC_818ee.dir/CMakeCXXCompilerABI.cpp.o -lstdc++ -lm -lgcc_s -lgcc -lc -lgcc_s -lgcc /opt/rh/devtoolset-6/root/usr/lib/gcc/x86_64-redhat-linux/6.3.1/crtend.o /lib/../lib64/crtn.o
COLLECT_GCC_OPTIONS='-v' '-rdynamic' '-o' 'cmTC_818ee' '-shared-libgcc' '-mtune=generic' '-march=x86-64'
gmake[1]: Leaving directory `/home/alexiel/local/src/PSE/build/CMakeFiles/CMakeTmp'


Parsed CXX implicit link information from above output:
  link line regex: [^( *|.*[/\])(ld|CMAKE_LINK_STARTFILE-NOTFOUND|([^/\]+-)?ld|collect2)[^/\]*( |$)]
  ignore line: [Change Dir: /home/alexiel/local/src/PSE/build/CMakeFiles/CMakeTmp]
  ignore line: []
  ignore line: [Run Build Command:"/usr/bin/gmake" "cmTC_818ee/fast"]
  ignore line: [/usr/bin/gmake -f CMakeFiles/cmTC_818ee.dir/build.make CMakeFiles/cmTC_818ee.dir/build]
  ignore line: [gmake[1]: Entering directory `/home/alexiel/local/src/PSE/build/CMakeFiles/CMakeTmp']
  ignore line: [Building CXX object CMakeFiles/cmTC_818ee.dir/CMakeCXXCompilerABI.cpp.o]
  ignore line: [/opt/rh/devtoolset-6/root/usr/bin/c++     -o CMakeFiles/cmTC_818ee.dir/CMakeCXXCompilerABI.cpp.o -c /usr/local/share/cmake-3.13/Modules/CMakeCXXCompilerABI.cpp]
  ignore line: [Linking CXX executable cmTC_818ee]
  ignore line: [/usr/local/bin/cmake -E cmake_link_script CMakeFiles/cmTC_818ee.dir/link.txt --verbose=1]
  ignore line: [/opt/rh/devtoolset-6/root/usr/bin/c++      -v -rdynamic CMakeFiles/cmTC_818ee.dir/CMakeCXXCompilerABI.cpp.o  -o cmTC_818ee ]
  ignore line: [Using built-in specs.]
  ignore line: [COLLECT_GCC=/opt/rh/devtoolset-6/root/usr/bin/c++]
  ignore line: [COLLECT_LTO_WRAPPER=/opt/rh/devtoolset-6/root/usr/libexec/gcc/x86_64-redhat-linux/6.3.1/lto-wrapper]
  ignore line: [Target: x86_64-redhat-linux]
  ignore line: [Configured with: ../configure --enable-bootstrap --enable-languages=c,c++,fortran,lto --prefix=/opt/rh/devtoolset-6/root/usr --mandir=/opt/rh/devtoolset-6/root/usr/share/man --infodir=/opt/rh/devtoolset-6/root/usr/share/info --with-bugurl=http://bugzilla.redhat.com/bugzilla --enable-shared --enable-threads=posix --enable-checking=release --enable-multilib --with-system-zlib --enable-__cxa_atexit --disable-libunwind-exceptions --enable-gnu-unique-object --enable-linker-build-id --enable-plugin --with-linker-hash-style=gnu --enable-initfini-array --disable-libgcj --with-default-libstdcxx-abi=gcc4-compatible --with-isl=/builddir/build/BUILD/gcc-6.3.1-20170216/obj-x86_64-redhat-linux/isl-install --enable-libmpx --enable-gnu-indirect-function --with-tune=generic --with-arch_32=i686 --build=x86_64-redhat-linux]
  ignore line: [Thread model: posix]
  ignore line: [gcc version 6.3.1 20170216 (Red Hat 6.3.1-3) (GCC) ]
  ignore line: [COMPILER_PATH=/opt/rh/devtoolset-6/root/usr/libexec/gcc/x86_64-redhat-linux/6.3.1/:/opt/rh/devtoolset-6/root/usr/libexec/gcc/x86_64-redhat-linux/6.3.1/:/opt/rh/devtoolset-6/root/usr/libexec/gcc/x86_64-redhat-linux/:/opt/rh/devtoolset-6/root/usr/lib/gcc/x86_64-redhat-linux/6.3.1/:/opt/rh/devtoolset-6/root/usr/lib/gcc/x86_64-redhat-linux/]
  ignore line: [LIBRARY_PATH=/opt/rh/devtoolset-6/root/usr/lib/gcc/x86_64-redhat-linux/6.3.1/:/opt/rh/devtoolset-6/root/usr/lib/gcc/x86_64-redhat-linux/6.3.1/../../../../lib64/:/lib/../lib64/:/usr/lib/../lib64/:/opt/rh/devtoolset-6/root/usr/lib/gcc/x86_64-redhat-linux/6.3.1/../../../:/lib/:/usr/lib/]
  ignore line: [COLLECT_GCC_OPTIONS='-v' '-rdynamic' '-o' 'cmTC_818ee' '-shared-libgcc' '-mtune=generic' '-march=x86-64']
  link line: [ /opt/rh/devtoolset-6/root/usr/libexec/gcc/x86_64-redhat-linux/6.3.1/collect2 -plugin /opt/rh/devtoolset-6/root/usr/libexec/gcc/x86_64-redhat-linux/6.3.1/liblto_plugin.so -plugin-opt=/opt/rh/devtoolset-6/root/usr/libexec/gcc/x86_64-redhat-linux/6.3.1/lto-wrapper -plugin-opt=-fresolution=/tmp/ccAueZzX.res -plugin-opt=-pass-through=-lgcc_s -plugin-opt=-pass-through=-lgcc -plugin-opt=-pass-through=-lc -plugin-opt=-pass-through=-lgcc_s -plugin-opt=-pass-through=-lgcc --build-id --no-add-needed --eh-frame-hdr --hash-style=gnu -m elf_x86_64 -export-dynamic -dynamic-linker /lib64/ld-linux-x86-64.so.2 -o cmTC_818ee /lib/../lib64/crt1.o /lib/../lib64/crti.o /opt/rh/devtoolset-6/root/usr/lib/gcc/x86_64-redhat-linux/6.3.1/crtbegin.o -L/opt/rh/devtoolset-6/root/usr/lib/gcc/x86_64-redhat-linux/6.3.1 -L/opt/rh/devtoolset-6/root/usr/lib/gcc/x86_64-redhat-linux/6.3.1/../../../../lib64 -L/lib/../lib64 -L/usr/lib/../lib64 -L/opt/rh/devtoolset-6/root/usr/lib/gcc/x86_64-redhat-linux/6.3.1/../../.. CMakeFiles/cmTC_818ee.dir/CMakeCXXCompilerABI.cpp.o -lstdc++ -lm -lgcc_s -lgcc -lc -lgcc_s -lgcc /opt/rh/devtoolset-6/root/usr/lib/gcc/x86_64-redhat-linux/6.3.1/crtend.o /lib/../lib64/crtn.o]
    arg [/opt/rh/devtoolset-6/root/usr/libexec/gcc/x86_64-redhat-linux/6.3.1/collect2] ==> ignore
    arg [-plugin] ==> ignore
    arg [/opt/rh/devtoolset-6/root/usr/libexec/gcc/x86_64-redhat-linux/6.3.1/liblto_plugin.so] ==> ignore
    arg [-plugin-opt=/opt/rh/devtoolset-6/root/usr/libexec/gcc/x86_64-redhat-linux/6.3.1/lto-wrapper] ==> ignore
    arg [-plugin-opt=-fresolution=/tmp/ccAueZzX.res] ==> ignore
    arg [-plugin-opt=-pass-through=-lgcc_s] ==> ignore
    arg [-plugin-opt=-pass-through=-lgcc] ==> ignore
    arg [-plugin-opt=-pass-through=-lc] ==> ignore
    arg [-plugin-opt=-pass-through=-lgcc_s] ==> ignore
    arg [-plugin-opt=-pass-through=-lgcc] ==> ignore
    arg [--build-id] ==> ignore
    arg [--no-add-needed] ==> ignore
    arg [--eh-frame-hdr] ==> ignore
    arg [--hash-style=gnu] ==> ignore
    arg [-m] ==> ignore
    arg [elf_x86_64] ==> ignore
    arg [-export-dynamic] ==> ignore
    arg [-dynamic-linker] ==> ignore
    arg [/lib64/ld-linux-x86-64.so.2] ==> ignore
    arg [-o] ==> ignore
    arg [cmTC_818ee] ==> ignore
    arg [/lib/../lib64/crt1.o] ==> ignore
    arg [/lib/../lib64/crti.o] ==> ignore
    arg [/opt/rh/devtoolset-6/root/usr/lib/gcc/x86_64-redhat-linux/6.3.1/crtbegin.o] ==> ignore
    arg [-L/opt/rh/devtoolset-6/root/usr/lib/gcc/x86_64-redhat-linux/6.3.1] ==> dir [/opt/rh/devtoolset-6/root/usr/lib/gcc/x86_64-redhat-linux/6.3.1]
    arg [-L/opt/rh/devtoolset-6/root/usr/lib/gcc/x86_64-redhat-linux/6.3.1/../../../../lib64] ==> dir [/opt/rh/devtoolset-6/root/usr/lib/gcc/x86_64-redhat-linux/6.3.1/../../../../lib64]
    arg [-L/lib/../lib64] ==> dir [/lib/../lib64]
    arg [-L/usr/lib/../lib64] ==> dir [/usr/lib/../lib64]
    arg [-L/opt/rh/devtoolset-6/root/usr/lib/gcc/x86_64-redhat-linux/6.3.1/../../..] ==> dir [/opt/rh/devtoolset-6/root/usr/lib/gcc/x86_64-redhat-linux/6.3.1/../../..]
    arg [CMakeFiles/cmTC_818ee.dir/CMakeCXXCompilerABI.cpp.o] ==> ignore
    arg [-lstdc++] ==> lib [stdc++]
    arg [-lm] ==> lib [m]
    arg [-lgcc_s] ==> lib [gcc_s]
    arg [-lgcc] ==> lib [gcc]
    arg [-lc] ==> lib [c]
    arg [-lgcc_s] ==> lib [gcc_s]
    arg [-lgcc] ==> lib [gcc]
    arg [/opt/rh/devtoolset-6/root/usr/lib/gcc/x86_64-redhat-linux/6.3.1/crtend.o] ==> ignore
    arg [/lib/../lib64/crtn.o] ==> ignore
  collapse library dir [/opt/rh/devtoolset-6/root/usr/lib/gcc/x86_64-redhat-linux/6.3.1] ==> [/opt/rh/devtoolset-6/root/usr/lib/gcc/x86_64-redhat-linux/6.3.1]
  collapse library dir [/opt/rh/devtoolset-6/root/usr/lib/gcc/x86_64-redhat-linux/6.3.1/../../../../lib64] ==> [/opt/rh/devtoolset-6/root/usr/lib64]
  collapse library dir [/lib/../lib64] ==> [/lib64]
  collapse library dir [/usr/lib/../lib64] ==> [/usr/lib64]
  collapse library dir [/opt/rh/devtoolset-6/root/usr/lib/gcc/x86_64-redhat-linux/6.3.1/../../..] ==> [/opt/rh/devtoolset-6/root/usr/lib]
  implicit libs: [stdc++;m;gcc_s;gcc;c;gcc_s;gcc]
  implicit dirs: [/opt/rh/devtoolset-6/root/usr/lib/gcc/x86_64-redhat-linux/6.3.1;/opt/rh/devtoolset-6/root/usr/lib64;/lib64;/usr/lib64;/opt/rh/devtoolset-6/root/usr/lib]
  implicit fwks: []




Detecting CXX [-std=c++1z] compiler features compiled with the following output:
Change Dir: /home/alexiel/local/src/PSE/build/CMakeFiles/CMakeTmp

Run Build Command:"/usr/bin/gmake" "cmTC_940b3/fast"
/usr/bin/gmake -f CMakeFiles/cmTC_940b3.dir/build.make CMakeFiles/cmTC_940b3.dir/build
gmake[1]: Entering directory `/home/alexiel/local/src/PSE/build/CMakeFiles/CMakeTmp'
Building CXX object CMakeFiles/cmTC_940b3.dir/feature_tests.cxx.o
/opt/rh/devtoolset-6/root/usr/bin/c++    -std=c++1z -o CMakeFiles/cmTC_940b3.dir/feature_tests.cxx.o -c /home/alexiel/local/src/PSE/build/CMakeFiles/feature_tests.cxx
Linking CXX executable cmTC_940b3
/usr/local/bin/cmake -E cmake_link_script CMakeFiles/cmTC_940b3.dir/link.txt --verbose=1
/opt/rh/devtoolset-6/root/usr/bin/c++       -rdynamic CMakeFiles/cmTC_940b3.dir/feature_tests.cxx.o  -o cmTC_940b3 
gmake[1]: Leaving directory `/home/alexiel/local/src/PSE/build/CMakeFiles/CMakeTmp'


    Feature record: CXX_FEATURE:1cxx_aggregate_default_initializers
    Feature record: CXX_FEATURE:1cxx_alias_templates
    Feature record: CXX_FEATURE:1cxx_alignas
    Feature record: CXX_FEATURE:1cxx_alignof
    Feature record: CXX_FEATURE:1cxx_attributes
    Feature record: CXX_FEATURE:1cxx_attribute_deprecated
    Feature record: CXX_FEATURE:1cxx_auto_type
    Feature record: CXX_FEATURE:1cxx_binary_literals
    Feature record: CXX_FEATURE:1cxx_constexpr
    Feature record: CXX_FEATURE:1cxx_contextual_conversions
    Feature record: CXX_FEATURE:1cxx_decltype
    Feature record: CXX_FEATURE:1cxx_decltype_auto
    Feature record: CXX_FEATURE:1cxx_decltype_incomplete_return_types
    Feature record: CXX_FEATURE:1cxx_default_function_template_args
    Feature record: CXX_FEATURE:1cxx_defaulted_functions
    Feature record: CXX_FEATURE:1cxx_defaulted_move_initializers
    Feature record: CXX_FEATURE:1cxx_delegating_constructors
    Feature record: CXX_FEATURE:1cxx_deleted_functions
    Feature record: CXX_FEATURE:1cxx_digit_separators
    Feature record: CXX_FEATURE:1cxx_enum_forward_declarations
    Feature record: CXX_FEATURE:1cxx_explicit_conversions
    Feature record: CXX_FEATURE:1cxx_extended_friend_declarations
    Feature record: CXX_FEATURE:1cxx_extern_templates
    Feature record: CXX_FEATURE:1cxx_final
    Feature record: CXX_FEATURE:1cxx_func_identifier
    Feature record: CXX_FEATURE:1cxx_generalized_initializers
    Feature record: CXX_FEATURE:1cxx_generic_lambdas
    Feature record: CXX_FEATURE:1cxx_inheriting_constructors
    Feature record: CXX_FEATURE:1cxx_inline_namespaces
    Feature record: CXX_FEATURE:1cxx_lambdas
    Feature record: CXX_FEATURE:1cxx_lambda_init_captures
    Feature record: CXX_FEATURE:1cxx_local_type_template_args
    Feature record: CXX_FEATURE:1cxx_long_long_type
    Feature record: CXX_FEATURE:1cxx_noexcept
    Feature record: CXX_FEATURE:1cxx_nonstatic_member_init
    Feature record: CXX_FEATURE:1cxx_nullptr
    Feature record: CXX_FEATURE:1cxx_override
    Feature record: CXX_FEATURE:1cxx_range_for
    Feature record: CXX_FEATURE:1cxx_raw_string_literals
    Feature record: CXX_FEATURE:1cxx_reference_qualified_functions
    Feature record: CXX_FEATURE:1cxx_relaxed_constexpr
    Feature record: CXX_FEATURE:1cxx_return_type_deduction
    Feature record: CXX_FEATURE:1cxx_right_angle_brackets
    Feature record: CXX_FEATURE:1cxx_rvalue_references
    Feature record: CXX_FEATURE:1cxx_sizeof_member
    Feature record: CXX_FEATURE:1cxx_static_assert
    Feature record: CXX_FEATURE:1cxx_strong_enums
    Feature record: CXX_FEATURE:1cxx_template_template_parameters
    Feature record: CXX_FEATURE:1cxx_thread_local
    Feature record: CXX_FEATURE:1cxx_trailing_return_types
    Feature record: CXX_FEATURE:1cxx_unicode_literals
    Feature record: CXX_FEATURE:1cxx_uniform_initialization
    Feature record: CXX_FEATURE:1cxx_unrestricted_unions
    Feature record: CXX_FEATURE:1cxx_user_literals
    Feature record: CXX_FEATURE:1cxx_variable_templates
    Feature record: CXX_FEATURE:1cxx_variadic_macros
    Feature record: CXX_FEATURE:1cxx_variadic_templates


Detecting CXX [-std=c++14] compiler features compiled with the following output:
Change Dir: /home/alexiel/local/src/PSE/build/CMakeFiles/CMakeTmp

Run Build Command:"/usr/bin/gmake" "cmTC_9f9ac/fast"
/usr/bin/gmake -f CMakeFiles/cmTC_9f9ac.dir/build.make CMakeFiles/cmTC_9f9ac.dir/build
gmake[1]: Entering directory `/home/alexiel/local/src/PSE/build/CMakeFiles/CMakeTmp'
Building CXX object CMakeFiles/cmTC_9f9ac.dir/feature_tests.cxx.o
/opt/rh/devtoolset-6/root/usr/bin/c++    -std=c++14 -o CMakeFiles/cmTC_9f9ac.dir/feature_tests.cxx.o -c /home/alexiel/local/src/PSE/build/CMakeFiles/feature_tests.cxx
Linking CXX executable cmTC_9f9ac
/usr/local/bin/cmake -E cmake_link_script CMakeFiles/cmTC_9f9ac.dir/link.txt --verbose=1
/opt/rh/devtoolset-6/root/usr/bin/c++       -rdynamic CMakeFiles/cmTC_9f9ac.dir/feature_tests.cxx.o  -o cmTC_9f9ac 
gmake[1]: Leaving directory `/home/alexiel/local/src/PSE/build/CMakeFiles/CMakeTmp'


    Feature record: CXX_FEATURE:1cxx_aggregate_default_initializers
    Feature record: CXX_FEATURE:1cxx_alias_templates
    Feature record: CXX_FEATURE:1cxx_alignas
    Feature record: CXX_FEATURE:1cxx_alignof
    Feature record: CXX_FEATURE:1cxx_attributes
    Feature record: CXX_FEATURE:1cxx_attribute_deprecated
    Feature record: CXX_FEATURE:1cxx_auto_type
    Feature record: CXX_FEATURE:1cxx_binary_literals
    Feature record: CXX_FEATURE:1cxx_constexpr
    Feature record: CXX_FEATURE:1cxx_contextual_conversions
    Feature record: CXX_FEATURE:1cxx_decltype
    Feature record: CXX_FEATURE:1cxx_decltype_auto
    Feature record: CXX_FEATURE:1cxx_decltype_incomplete_return_types
    Feature record: CXX_FEATURE:1cxx_default_function_template_args
    Feature record: CXX_FEATURE:1cxx_defaulted_functions
    Feature record: CXX_FEATURE:1cxx_defaulted_move_initializers
    Feature record: CXX_FEATURE:1cxx_delegating_constructors
    Feature record: CXX_FEATURE:1cxx_deleted_functions
    Feature record: CXX_FEATURE:1cxx_digit_separators
    Feature record: CXX_FEATURE:1cxx_enum_forward_declarations
    Feature record: CXX_FEATURE:1cxx_explicit_conversions
    Feature record: CXX_FEATURE:1cxx_extended_friend_declarations
    Feature record: CXX_FEATURE:1cxx_extern_templates
    Feature record: CXX_FEATURE:1cxx_final
    Feature record: CXX_FEATURE:1cxx_func_identifier
    Feature record: CXX_FEATURE:1cxx_generalized_initializers
    Feature record: CXX_FEATURE:1cxx_generic_lambdas
    Feature record: CXX_FEATURE:1cxx_inheriting_constructors
    Feature record: CXX_FEATURE:1cxx_inline_namespaces
    Feature record: CXX_FEATURE:1cxx_lambdas
    Feature record: CXX_FEATURE:1cxx_lambda_init_captures
    Feature record: CXX_FEATURE:1cxx_local_type_template_args
    Feature record: CXX_FEATURE:1cxx_long_long_type
    Feature record: CXX_FEATURE:1cxx_noexcept
    Feature record: CXX_FEATURE:1cxx_nonstatic_member_init
    Feature record: CXX_FEATURE:1cxx_nullptr
    Feature record: CXX_FEATURE:1cxx_override
    Feature record: CXX_FEATURE:1cxx_range_for
    Feature record: CXX_FEATURE:1cxx_raw_string_literals
    Feature record: CXX_FEATURE:1cxx_reference_qualified_functions
    Feature record: CXX_FEATURE:1cxx_relaxed_constexpr
    Feature record: CXX_FEATURE:1cxx_return_type_deduction
    Feature record: CXX_FEATURE:1cxx_right_angle_brackets
    Feature record: CXX_FEATURE:1cxx_rvalue_references
    Feature record: CXX_FEATURE:1cxx_sizeof_member
    Feature record: CXX_FEATURE:1cxx_static_assert
    Feature record: CXX_FEATURE:1cxx_strong_enums
    Feature record: CXX_FEATURE:1cxx_template_template_parameters
    Feature record: CXX_FEATURE:1cxx_thread_local
    Feature record: CXX_FEATURE:1cxx_trailing_return_types
    Feature record: CXX_FEATURE:1cxx_unicode_literals
    Feature record: CXX_FEATURE:1cxx_uniform_initialization
    Feature record: CXX_FEATURE:1cxx_unrestricted_unions
    Feature record: CXX_FEATURE:1cxx_user_literals
    Feature record: CXX_FEATURE:1cxx_variable_templates
    Feature record: CXX_FEATURE:1cxx_variadic_macros
    Feature record: CXX_FEATURE:1cxx_variadic_templates


Detecting CXX [-std=c++11] compiler features compiled with the following output:
Change Dir: /home/alexiel/local/src/PSE/build/CMakeFiles/CMakeTmp

Run Build Command:"/usr/bin/gmake" "cmTC_4ec81/fast"
/usr/bin/gmake -f CMakeFiles/cmTC_4ec81.dir/build.make CMakeFiles/cmTC_4ec81.dir/build
gmake[1]: Entering directory `/home/alexiel/local/src/PSE/build/CMakeFiles/CMakeTmp'
Building CXX object CMakeFiles/cmTC_4ec81.dir/feature_tests.cxx.o
/opt/rh/devtoolset-6/root/usr/bin/c++    -std=c++11 -o CMakeFiles/cmTC_4ec81.dir/feature_tests.cxx.o -c /home/alexiel/local/src/PSE/build/CMakeFiles/feature_tests.cxx
Linking CXX executable cmTC_4ec81
/usr/local/bin/cmake -E cmake_link_script CMakeFiles/cmTC_4ec81.dir/link.txt --verbose=1
/opt/rh/devtoolset-6/root/usr/bin/c++       -rdynamic CMakeFiles/cmTC_4ec81.dir/feature_tests.cxx.o  -o cmTC_4ec81 
gmake[1]: Leaving directory `/home/alexiel/local/src/PSE/build/CMakeFiles/CMakeTmp'


    Feature record: CXX_FEATURE:0cxx_aggregate_default_initializers
    Feature record: CXX_FEATURE:1cxx_alias_templates
    Feature record: CXX_FEATURE:1cxx_alignas
    Feature record: CXX_FEATURE:1cxx_alignof
    Feature record: CXX_FEATURE:1cxx_attributes
    Feature record: CXX_FEATURE:0cxx_attribute_deprecated
    Feature record: CXX_FEATURE:1cxx_auto_type
    Feature record: CXX_FEATURE:0cxx_binary_literals
    Feature record: CXX_FEATURE:1cxx_constexpr
    Feature record: CXX_FEATURE:0cxx_contextual_conversions
    Feature record: CXX_FEATURE:1cxx_decltype
    Feature record: CXX_FEATURE:0cxx_decltype_auto
    Feature record: CXX_FEATURE:1cxx_decltype_incomplete_return_types
    Feature record: CXX_FEATURE:1cxx_default_function_template_args
    Feature record: CXX_FEATURE:1cxx_defaulted_functions
    Feature record: CXX_FEATURE:1cxx_defaulted_move_initializers
    Feature record: CXX_FEATURE:1cxx_delegating_constructors
    Feature record: CXX_FEATURE:1cxx_deleted_functions
    Feature record: CXX_FEATURE:0cxx_digit_separators
    Feature record: CXX_FEATURE:1cxx_enum_forward_declarations
    Feature record: CXX_FEATURE:1cxx_explicit_conversions
    Feature record: CXX_FEATURE:1cxx_extended_friend_declarations
    Feature record: CXX_FEATURE:1cxx_extern_templates
    Feature record: CXX_FEATURE:1cxx_final
    Feature record: CXX_FEATURE:1cxx_func_identifier
    Feature record: CXX_FEATURE:1cxx_generalized_initializers
    Feature record: CXX_FEATURE:0cxx_generic_lambdas
    Feature record: CXX_FEATURE:1cxx_inheriting_constructors
    Feature record: CXX_FEATURE:1cxx_inline_namespaces
    Feature record: CXX_FEATURE:1cxx_lambdas
    Feature record: CXX_FEATURE:0cxx_lambda_init_captures
    Feature record: CXX_FEATURE:1cxx_local_type_template_args
    Feature record: CXX_FEATURE:1cxx_long_long_type
    Feature record: CXX_FEATURE:1cxx_noexcept
    Feature record: CXX_FEATURE:1cxx_nonstatic_member_init
    Feature record: CXX_FEATURE:1cxx_nullptr
    Feature record: CXX_FEATURE:1cxx_override
    Feature record: CXX_FEATURE:1cxx_range_for
    Feature record: CXX_FEATURE:1cxx_raw_string_literals
    Feature record: CXX_FEATURE:1cxx_reference_qualified_functions
    Feature record: CXX_FEATURE:0cxx_relaxed_constexpr
    Feature record: CXX_FEATURE:0cxx_return_type_deduction
    Feature record: CXX_FEATURE:1cxx_right_angle_brackets
    Feature record: CXX_FEATURE:1cxx_rvalue_references
    Feature record: CXX_FEATURE:1cxx_sizeof_member
    Feature record: CXX_FEATURE:1cxx_static_assert
    Feature record: CXX_FEATURE:1cxx_strong_enums
    Feature record: CXX_FEATURE:1cxx_template_template_parameters
    Feature record: CXX_FEATURE:1cxx_thread_local
    Feature record: CXX_FEATURE:1cxx_trailing_return_types
    Feature record: CXX_FEATURE:1cxx_unicode_literals
    Feature record: CXX_FEATURE:1cxx_uniform_initialization
    Feature record: CXX_FEATURE:1cxx_unrestricted_unions
    Feature record: CXX_FEATURE:1cxx_user_literals
    Feature record: CXX_FEATURE:0cxx_variable_templates
    Feature record: CXX_FEATURE:1cxx_variadic_macros
    Feature record: CXX_FEATURE:1cxx_variadic_templates


Detecting CXX [-std=c++98] compiler features compiled with the following output:
Change Dir: /home/alexiel/local/src/PSE/build/CMakeFiles/CMakeTmp

Run Build Command:"/usr/bin/gmake" "cmTC_eac5a/fast"
/usr/bin/gmake -f CMakeFiles/cmTC_eac5a.dir/build.make CMakeFiles/cmTC_eac5a.dir/build
gmake[1]: Entering directory `/home/alexiel/local/src/PSE/build/CMakeFiles/CMakeTmp'
Building CXX object CMakeFiles/cmTC_eac5a.dir/feature_tests.cxx.o
/opt/rh/devtoolset-6/root/usr/bin/c++    -std=c++98 -o CMakeFiles/cmTC_eac5a.dir/feature_tests.cxx.o -c /home/alexiel/local/src/PSE/build/CMakeFiles/feature_tests.cxx
Linking CXX executable cmTC_eac5a
/usr/local/bin/cmake -E cmake_link_script CMakeFiles/cmTC_eac5a.dir/link.txt --verbose=1
/opt/rh/devtoolset-6/root/usr/bin/c++       -rdynamic CMakeFiles/cmTC_eac5a.dir/feature_tests.cxx.o  -o cmTC_eac5a 
gmake[1]: Leaving directory `/home/alexiel/local/src/PSE/build/CMakeFiles/CMakeTmp'


    Feature record: CXX_FEATURE:0cxx_aggregate_default_initializers
    Feature record: CXX_FEATURE:0cxx_alias_templates
    Feature record: CXX_FEATURE:0cxx_alignas
    Feature record: CXX_FEATURE:0cxx_alignof
    Feature record: CXX_FEATURE:0cxx_attributes
    Feature record: CXX_FEATURE:0cxx_attribute_deprecated
    Feature record: CXX_FEATURE:0cxx_auto_type
    Feature record: CXX_FEATURE:0cxx_binary_literals
    Feature record: CXX_FEATURE:0cxx_constexpr
    Feature record: CXX_FEATURE:0cxx_contextual_conversions
    Feature record: CXX_FEATURE:0cxx_decltype
    Feature record: CXX_FEATURE:0cxx_decltype_auto
    Feature record: CXX_FEATURE:0cxx_decltype_incomplete_return_types
    Feature record: CXX_FEATURE:0cxx_default_function_template_args
    Feature record: CXX_FEATURE:0cxx_defaulted_functions
    Feature record: CXX_FEATURE:0cxx_defaulted_move_initializers
    Feature record: CXX_FEATURE:0cxx_delegating_constructors
    Feature record: CXX_FEATURE:0cxx_deleted_functions
    Feature record: CXX_FEATURE:0cxx_digit_separators
    Feature record: CXX_FEATURE:0cxx_enum_forward_declarations
    Feature record: CXX_FEATURE:0cxx_explicit_conversions
    Feature record: CXX_FEATURE:0cxx_extended_friend_declarations
    Feature record: CXX_FEATURE:0cxx_extern_templates
    Feature record: CXX_FEATURE:0cxx_final
    Feature record: CXX_FEATURE:0cxx_func_identifier
    Feature record: CXX_FEATURE:0cxx_generalized_initializers
    Feature record: CXX_FEATURE:0cxx_generic_lambdas
    Feature record: CXX_FEATURE:0cxx_inheriting_constructors
    Feature record: CXX_FEATURE:0cxx_inline_namespaces
    Feature record: CXX_FEATURE:0cxx_lambdas
    Feature record: CXX_FEATURE:0cxx_lambda_init_captures
    Feature record: CXX_FEATURE:0cxx_local_type_template_args
    Feature record: CXX_FEATURE:0cxx_long_long_type
    Feature record: CXX_FEATURE:0cxx_noexcept
    Feature record: CXX_FEATURE:0cxx_nonstatic_member_init
    Feature record: CXX_FEATURE:0cxx_nullptr
    Feature record: CXX_FEATURE:0cxx_override
    Feature record: CXX_FEATURE:0cxx_range_for
    Feature record: CXX_FEATURE:0cxx_raw_string_literals
    Feature record: CXX_FEATURE:0cxx_reference_qualified_functions
    Feature record: CXX_FEATURE:0cxx_relaxed_constexpr
    Feature record: CXX_FEATURE:0cxx_return_type_deduction
    Feature record: CXX_FEATURE:0cxx_right_angle_brackets
    Feature record: CXX_FEATURE:0cxx_rvalue_references
    Feature record: CXX_FEATURE:0cxx_sizeof_member
    Feature record: CXX_FEATURE:0cxx_static_assert
    Feature record: CXX_FEATURE:0cxx_strong_enums
    Feature record: CXX_FEATURE:1cxx_template_template_parameters
    Feature record: CXX_FEATURE:0cxx_thread_local
    Feature record: CXX_FEATURE:0cxx_trailing_return_types
    Feature record: CXX_FEATURE:0cxx_unicode_literals
    Feature record: CXX_FEATURE:0cxx_uniform_initialization
    Feature record: CXX_FEATURE:0cxx_unrestricted_unions
    Feature record: CXX_FEATURE:0cxx_user_literals
    Feature record: CXX_FEATURE:0cxx_variable_templates
    Feature record: CXX_FEATURE:0cxx_variadic_macros
    Feature record: CXX_FEATURE:0cxx_variadic_templates
Determining if the include file pthread.h exists passed with the following output:
Change Dir: /home/alexiel/local/src/PSE/build/CMakeFiles/CMakeTmp

Run Build Command:"/usr/bin/gmake" "cmTC_128b3/fast"
/usr/bin/gmake -f CMakeFiles/cmTC_128b3.dir/build.make CMakeFiles/cmTC_128b3.dir/build
gmake[1]: Entering directory `/home/alexiel/local/src/PSE/build/CMakeFiles/CMakeTmp'
Building C object CMakeFiles/cmTC_128b3.dir/CheckIncludeFile.c.o
/opt/rh/devtoolset-6/root/usr/bin/cc   -fPIC    -o CMakeFiles/cmTC_128b3.dir/CheckIncludeFile.c.o   -c /home/alexiel/local/src/PSE/build/CMakeFiles/CMakeTmp/CheckIncludeFile.c
Linking C executable cmTC_128b3
/usr/local/bin/cmake -E cmake_link_script CMakeFiles/cmTC_128b3.dir/link.txt --verbose=1
/opt/rh/devtoolset-6/root/usr/bin/cc -fPIC     -rdynamic CMakeFiles/cmTC_128b3.dir/CheckIncludeFile.c.o  -o cmTC_128b3 
gmake[1]: Leaving directory `/home/alexiel/local/src/PSE/build/CMakeFiles/CMakeTmp'


Determining if the function pthread_create exists in the pthread passed with the following output:
Change Dir: /home/alexiel/local/src/PSE/build/CMakeFiles/CMakeTmp

Run Build Command:"/usr/bin/gmake" "cmTC_24108/fast"
/usr/bin/gmake -f CMakeFiles/cmTC_24108.dir/build.make CMakeFiles/cmTC_24108.dir/build
gmake[1]: Entering directory `/home/alexiel/local/src/PSE/build/CMakeFiles/CMakeTmp'
Building C object CMakeFiles/cmTC_24108.dir/CheckFunctionExists.c.o
/opt/rh/devtoolset-6/root/usr/bin/cc   -fPIC -DCHECK_FUNCTION_EXISTS=pthread_create   -o CMakeFiles/cmTC_24108.dir/CheckFunctionExists.c.o   -c /usr/local/share/cmake-3.13/Modules/CheckFunctionExists.c
Linking C executable cmTC_24108
/usr/local/bin/cmake -E cmake_link_script CMakeFiles/cmTC_24108.dir/link.txt --verbose=1
/opt/rh/devtoolset-6/root/usr/bin/cc -fPIC -DCHECK_FUNCTION_EXISTS=pthread_create    -rdynamic CMakeFiles/cmTC_24108.dir/CheckFunctionExists.c.o  -o cmTC_24108 -lpthread 
gmake[1]: Leaving directory `/home/alexiel/local/src/PSE/build/CMakeFiles/CMakeTmp'


