Determining if the pthread_create exist failed with the following output:
Change Dir: /home/alexiel/local/src/PSE/build/CMakeFiles/CMakeTmp

Run Build Command:"/usr/bin/gmake" "cmTC_18b72/fast"
/usr/bin/gmake -f CMakeFiles/cmTC_18b72.dir/build.make CMakeFiles/cmTC_18b72.dir/build
gmake[1]: Entering directory `/home/alexiel/local/src/PSE/build/CMakeFiles/CMakeTmp'
Building C object CMakeFiles/cmTC_18b72.dir/CheckSymbolExists.c.o
/opt/rh/devtoolset-6/root/usr/bin/cc   -fPIC    -o CMakeFiles/cmTC_18b72.dir/CheckSymbolExists.c.o   -c /home/alexiel/local/src/PSE/build/CMakeFiles/CMakeTmp/CheckSymbolExists.c
Linking C executable cmTC_18b72
/usr/local/bin/cmake -E cmake_link_script CMakeFiles/cmTC_18b72.dir/link.txt --verbose=1
/opt/rh/devtoolset-6/root/usr/bin/cc -fPIC     -rdynamic CMakeFiles/cmTC_18b72.dir/CheckSymbolExists.c.o  -o cmTC_18b72 
CMakeFiles/cmTC_18b72.dir/CheckSymbolExists.c.o: In function `main':
CheckSymbolExists.c:(.text+0x1b): undefined reference to `pthread_create'
collect2: error: ld returned 1 exit status
gmake[1]: *** [cmTC_18b72] Error 1
gmake[1]: Leaving directory `/home/alexiel/local/src/PSE/build/CMakeFiles/CMakeTmp'
gmake: *** [cmTC_18b72/fast] Error 2

File /home/alexiel/local/src/PSE/build/CMakeFiles/CMakeTmp/CheckSymbolExists.c:
/* */
#include <pthread.h>

int main(int argc, char** argv)
{
  (void)argv;
#ifndef pthread_create
  return ((int*)(&pthread_create))[argc];
#else
  (void)argc;
  return 0;
#endif
}

Determining if the function pthread_create exists in the pthreads failed with the following output:
Change Dir: /home/alexiel/local/src/PSE/build/CMakeFiles/CMakeTmp

Run Build Command:"/usr/bin/gmake" "cmTC_d771d/fast"
/usr/bin/gmake -f CMakeFiles/cmTC_d771d.dir/build.make CMakeFiles/cmTC_d771d.dir/build
gmake[1]: Entering directory `/home/alexiel/local/src/PSE/build/CMakeFiles/CMakeTmp'
Building C object CMakeFiles/cmTC_d771d.dir/CheckFunctionExists.c.o
/opt/rh/devtoolset-6/root/usr/bin/cc   -fPIC -DCHECK_FUNCTION_EXISTS=pthread_create   -o CMakeFiles/cmTC_d771d.dir/CheckFunctionExists.c.o   -c /usr/local/share/cmake-3.13/Modules/CheckFunctionExists.c
Linking C executable cmTC_d771d
/usr/local/bin/cmake -E cmake_link_script CMakeFiles/cmTC_d771d.dir/link.txt --verbose=1
/opt/rh/devtoolset-6/root/usr/bin/cc -fPIC -DCHECK_FUNCTION_EXISTS=pthread_create    -rdynamic CMakeFiles/cmTC_d771d.dir/CheckFunctionExists.c.o  -o cmTC_d771d -lpthreads 
/opt/rh/devtoolset-6/root/usr/libexec/gcc/x86_64-redhat-linux/6.3.1/ld: cannot find -lpthreads
collect2: error: ld returned 1 exit status
gmake[1]: *** [cmTC_d771d] Error 1
gmake[1]: Leaving directory `/home/alexiel/local/src/PSE/build/CMakeFiles/CMakeTmp'
gmake: *** [cmTC_d771d/fast] Error 2


